0    [Start Level Event Dispatcher] INFO  org.springframework.osgi.extender.internal.boot.ChainActivator  - Blueprint API detected; enabling Blueprint Container functionality
<init>16   [Start Level Event Dispatcher] INFO  org.springframework.osgi.extender.internal.activator.ContextLoaderListener  - Starting [org.springframework.osgi.extender] bundle v.[2.0.0.M1]
start139  [Start Level Event Dispatcher] INFO  org.springframework.osgi.extender.internal.activator.ContextLoaderListener  - No custom extender configuration detected; using defaults...
<init>145  [Start Level Event Dispatcher] INFO  org.springframework.osgi.extender.internal.support.ExtenderConfiguration$1  - Initializing Timer
afterPropertiesSet214  [Start Level Event Dispatcher] INFO  org.springframework.osgi.extender.internal.blueprint.event.EventAdminDispatcher  - EventAdmin package not found; no Blueprint lifecycle events will be published
<clinit>221  [Start Level Event Dispatcher] INFO  org.springframework.osgi.extender.internal.blueprint.activator.BlueprintLoaderListener  - Starting [org.springframework.osgi.extender] bundle v.[2.0.0.M1]
start231  [Start Level Event Dispatcher] INFO  org.springframework.osgi.extender.internal.blueprint.activator.BlueprintLoaderListener  - No custom extender configuration detected; using defaults...
<init>235  [Start Level Event Dispatcher] INFO  org.springframework.osgi.extender.internal.support.ExtenderConfiguration$1  - Initializing Timer
afterPropertiesSet373  [Start Level Event Dispatcher] INFO  org.springframework.scheduling.timer.TimerTaskExecutor  - Initializing Timer
afterPropertiesSet374  [Start Level Event Dispatcher] INFO  org.springframework.osgi.web.extender.internal.activator.WarLoaderListener  - Starting [org.springframework.osgi.web.extender] bundle v.[2.0.0.M1]
start389  [WebExtender-Init] INFO  org.springframework.osgi.web.extender.internal.activator.WarListenerConfiguration  - No custom extender configuration detected; using defaults...
<init>403  [WebExtender-Init] INFO  org.springframework.osgi.web.deployer.tomcat.TomcatWarDeployer  - No Catalina Service set; looking for one in the OSGi service registry...
afterPropertiesSet435  [Tomcat Catalina Start Thread] INFO  org.springframework.osgi.web.tomcat.internal.Activator  - Starting Apache Tomcat/5.5.23 ...
run435  [Tomcat Catalina Start Thread] INFO  org.springframework.osgi.web.tomcat.internal.Activator  - Using default XML configuration bundleresource://26.fwk7971648/conf/default-server.xml
createCatalinaServer507  [Tomcat Catalina Start Thread] INFO  org.apache.catalina.startup.ClusterRuleSetFactory  - Unable to find a cluster rule set in the classpath. Will load the default rule set.
getClusterRuleSet508  [Tomcat Catalina Start Thread] INFO  org.apache.catalina.startup.ClusterRuleSetFactory  - Unable to find a cluster rule set in the classpath. Will load the default rule set.
getClusterRuleSet757  [Tomcat Catalina Start Thread] INFO  org.apache.coyote.http11.Http11BaseProtocol  - Initializing Coyote HTTP/1.1 on http-8080
init758  [Tomcat Catalina Start Thread] INFO  org.apache.catalina.startup.Catalina  - Initialization processed in 249 ms
load758  [Tomcat Catalina Start Thread] INFO  org.apache.catalina.core.StandardService  - Starting service Catalina
start760  [Tomcat Catalina Start Thread] INFO  org.apache.catalina.core.StandardEngine  - Starting Servlet Engine: Apache Tomcat/5.5.23
start765  [Tomcat Catalina Start Thread] INFO  org.apache.catalina.core.StandardHost  - XML validation disabled
start811  [Tomcat Catalina Start Thread] INFO  org.apache.coyote.http11.Http11BaseProtocol  - Starting Coyote HTTP/1.1 on http-8080
start821  [Tomcat Catalina Start Thread] INFO  org.springframework.osgi.web.tomcat.internal.Activator  - Succesfully started Apache Tomcat/5.5.23 @ Catalina:8080
run825  [Tomcat Catalina Start Thread] INFO  org.springframework.osgi.web.tomcat.internal.Activator  - Published Apache Tomcat/5.5.23 as an OSGi service
run825  [WebExtender-Init] INFO  org.springframework.osgi.web.deployer.tomcat.TomcatWarDeployer  - Found service Catalina
afterPropertiesSet305597 [OSGi Console] INFO  org.springframework.osgi.web.extender.internal.activator.WarLoaderListener  - springdm-web-sample (com.manning.sdmia.springdm-web-sample) is a WAR, scheduling war deployment on context path [/springdm-web-sample] (web.xml found at [bundleentry://34.fwk7971648/WEB-INF/web.xml])
maybeDeployWar305915 [Timer-0] INFO  org.apache.catalina.core.ContainerBase.[Catalina].[localhost].[/springdm-web-sample]  - Initializing Spring root WebApplicationContext
log305915 [Timer-0] INFO  org.springframework.web.context.ContextLoader  - Root WebApplicationContext: initialization started
initWebApplicationContext305936 [Timer-0] INFO  org.springframework.osgi.web.context.support.OsgiBundleXmlWebApplicationContext  - Refreshing OsgiBundleXmlWebApplicationContext(bundle=com.manning.sdmia.springdm-web-sample, config=/WEB-INF/applicationContext.xml): startup date [Thu Jun 06 16:01:19 MSK 2013]; root of context hierarchy
prepareRefresh305937 [Timer-0] INFO  org.springframework.osgi.web.context.support.OsgiBundleXmlWebApplicationContext  - Application Context service already unpublished
unpublishContextAsOsgiService305985 [Timer-0] INFO  org.springframework.beans.factory.xml.XmlBeanDefinitionReader  - Loading XML bean definitions from URL [bundleentry://34.fwk7971648/WEB-INF/applicationContext.xml]
loadBeanDefinitions306195 [Timer-0] INFO  org.springframework.beans.factory.support.DefaultListableBeanFactory  - Pre-instantiating singletons in org.springframework.beans.factory.support.DefaultListableBeanFactory@1636870: defining beans [simpleFacade,/SimpleFacade.hessian]; root of factory hierarchy
preInstantiateSingletons306376 [Timer-0] INFO  org.springframework.beans.factory.support.DefaultListableBeanFactory  - Destroying singletons in org.springframework.beans.factory.support.DefaultListableBeanFactory@1636870: defining beans [simpleFacade,/SimpleFacade.hessian]; root of factory hierarchy
destroySingletons306377 [Timer-0] ERROR org.springframework.web.context.ContextLoader  - Context initialization failed
initWebApplicationContextorg.springframework.beans.factory.BeanCreationException: Error creating bean with name '/SimpleFacade.hessian' defined in URL [bundleentry://34.fwk7971648/WEB-INF/applicationContext.xml]: Invocation of init method failed; nested exception is java.lang.IllegalArgumentException: interface org.springframework.aop.SpringProxy is not visible from class loader
	at org.springframework.beans.factory.support.AbstractAutowireCapableBeanFactory.initializeBean(AbstractAutowireCapableBeanFactory.java:1420)
	at org.springframework.beans.factory.support.AbstractAutowireCapableBeanFactory.doCreateBean(AbstractAutowireCapableBeanFactory.java:519)
	at org.springframework.beans.factory.support.AbstractAutowireCapableBeanFactory.createBean(AbstractAutowireCapableBeanFactory.java:456)
	at org.springframework.beans.factory.support.AbstractBeanFactory$1.getObject(AbstractBeanFactory.java:293)
	at org.springframework.beans.factory.support.DefaultSingletonBeanRegistry.getSingleton(DefaultSingletonBeanRegistry.java:222)
	at org.springframework.beans.factory.support.AbstractBeanFactory.doGetBean(AbstractBeanFactory.java:290)
	at org.springframework.beans.factory.support.AbstractBeanFactory.getBean(AbstractBeanFactory.java:192)
	at org.springframework.beans.factory.support.DefaultListableBeanFactory.preInstantiateSingletons(DefaultListableBeanFactory.java:585)
	at org.springframework.context.support.AbstractApplicationContext.finishBeanFactoryInitialization(AbstractApplicationContext.java:895)
	at org.springframework.context.support.AbstractApplicationContext.refresh(AbstractApplicationContext.java:425)
	at org.springframework.osgi.context.support.AbstractDelegatedExecutionApplicationContext.access$301(AbstractDelegatedExecutionApplicationContext.java:62)
	at org.springframework.osgi.context.support.AbstractDelegatedExecutionApplicationContext$1.run(AbstractDelegatedExecutionApplicationContext.java:170)
	at org.springframework.osgi.util.internal.PrivilegedUtils.executeWithCustomTCCL(PrivilegedUtils.java:87)
	at org.springframework.osgi.context.support.AbstractDelegatedExecutionApplicationContext.normalRefresh(AbstractDelegatedExecutionApplicationContext.java:166)
	at org.springframework.osgi.context.support.AbstractDelegatedExecutionApplicationContext$NoDependenciesWaitRefreshExecutor.refresh(AbstractDelegatedExecutionApplicationContext.java:80)
	at org.springframework.osgi.context.support.AbstractDelegatedExecutionApplicationContext.refresh(AbstractDelegatedExecutionApplicationContext.java:159)
	at org.springframework.web.context.ContextLoader.createWebApplicationContext(ContextLoader.java:282)
	at org.springframework.web.context.ContextLoader.initWebApplicationContext(ContextLoader.java:204)
	at org.springframework.web.context.ContextLoaderListener.contextInitialized(ContextLoaderListener.java:47)
	at org.apache.catalina.core.StandardContext.listenerStart(StandardContext.java:3764)
	at org.apache.catalina.core.StandardContext.start(StandardContext.java:4216)
	at org.apache.catalina.core.ContainerBase.addChildInternal(ContainerBase.java:760)
	at org.apache.catalina.core.ContainerBase.addChild(ContainerBase.java:740)
	at org.apache.catalina.core.StandardHost.addChild(StandardHost.java:544)
	at org.springframework.osgi.web.deployer.tomcat.TomcatWarDeployer.startCatalinaContext(TomcatWarDeployer.java:144)
	at org.springframework.osgi.web.deployer.tomcat.TomcatWarDeployer.startDeployment(TomcatWarDeployer.java:133)
	at org.springframework.osgi.web.deployer.support.AbstractWarDeployer.deploy(AbstractWarDeployer.java:93)
	at org.springframework.osgi.web.extender.internal.activator.WarLoaderListener$DeploymentManager$DeployTask.doRun(WarLoaderListener.java:257)
	at org.springframework.osgi.web.extender.internal.activator.WarLoaderListener$DeploymentManager$BaseTask.run(WarLoaderListener.java:222)
	at org.springframework.scheduling.timer.DelegatingTimerTask.run(DelegatingTimerTask.java:70)
	at java.util.TimerThread.mainLoop(Unknown Source)
	at java.util.TimerThread.run(Unknown Source)
Caused by: java.lang.IllegalArgumentException: interface org.springframework.aop.SpringProxy is not visible from class loader
	at java.lang.reflect.Proxy.getProxyClass0(Unknown Source)
	at java.lang.reflect.Proxy.newProxyInstance(Unknown Source)
	at org.springframework.aop.framework.JdkDynamicAopProxy.getProxy(JdkDynamicAopProxy.java:117)
	at org.springframework.aop.framework.ProxyFactory.getProxy(ProxyFactory.java:112)
	at org.springframework.remoting.support.RemoteExporter.getProxyForService(RemoteExporter.java:170)
	at org.springframework.remoting.caucho.HessianExporter.prepare(HessianExporter.java:106)
	at org.springframework.remoting.caucho.HessianExporter.afterPropertiesSet(HessianExporter.java:97)
	at org.springframework.beans.factory.support.AbstractAutowireCapableBeanFactory.invokeInitMethods(AbstractAutowireCapableBeanFactory.java:1477)
	at org.springframework.beans.factory.support.AbstractAutowireCapableBeanFactory.initializeBean(AbstractAutowireCapableBeanFactory.java:1417)
	... 31 more
306379 [Timer-0] ERROR org.apache.catalina.core.ContainerBase.[Catalina].[localhost].[/springdm-web-sample]  - Exception sending context initialized event to listener instance of class org.springframework.web.context.ContextLoaderListener
listenerStartorg.springframework.beans.factory.BeanCreationException: Error creating bean with name '/SimpleFacade.hessian' defined in URL [bundleentry://34.fwk7971648/WEB-INF/applicationContext.xml]: Invocation of init method failed; nested exception is java.lang.IllegalArgumentException: interface org.springframework.aop.SpringProxy is not visible from class loader
	at org.springframework.beans.factory.support.AbstractAutowireCapableBeanFactory.initializeBean(AbstractAutowireCapableBeanFactory.java:1420)
	at org.springframework.beans.factory.support.AbstractAutowireCapableBeanFactory.doCreateBean(AbstractAutowireCapableBeanFactory.java:519)
	at org.springframework.beans.factory.support.AbstractAutowireCapableBeanFactory.createBean(AbstractAutowireCapableBeanFactory.java:456)
	at org.springframework.beans.factory.support.AbstractBeanFactory$1.getObject(AbstractBeanFactory.java:293)
	at org.springframework.beans.factory.support.DefaultSingletonBeanRegistry.getSingleton(DefaultSingletonBeanRegistry.java:222)
	at org.springframework.beans.factory.support.AbstractBeanFactory.doGetBean(AbstractBeanFactory.java:290)
	at org.springframework.beans.factory.support.AbstractBeanFactory.getBean(AbstractBeanFactory.java:192)
	at org.springframework.beans.factory.support.DefaultListableBeanFactory.preInstantiateSingletons(DefaultListableBeanFactory.java:585)
	at org.springframework.context.support.AbstractApplicationContext.finishBeanFactoryInitialization(AbstractApplicationContext.java:895)
	at org.springframework.context.support.AbstractApplicationContext.refresh(AbstractApplicationContext.java:425)
	at org.springframework.osgi.context.support.AbstractDelegatedExecutionApplicationContext.access$301(AbstractDelegatedExecutionApplicationContext.java:62)
	at org.springframework.osgi.context.support.AbstractDelegatedExecutionApplicationContext$1.run(AbstractDelegatedExecutionApplicationContext.java:170)
	at org.springframework.osgi.util.internal.PrivilegedUtils.executeWithCustomTCCL(PrivilegedUtils.java:87)
	at org.springframework.osgi.context.support.AbstractDelegatedExecutionApplicationContext.normalRefresh(AbstractDelegatedExecutionApplicationContext.java:166)
	at org.springframework.osgi.context.support.AbstractDelegatedExecutionApplicationContext$NoDependenciesWaitRefreshExecutor.refresh(AbstractDelegatedExecutionApplicationContext.java:80)
	at org.springframework.osgi.context.support.AbstractDelegatedExecutionApplicationContext.refresh(AbstractDelegatedExecutionApplicationContext.java:159)
	at org.springframework.web.context.ContextLoader.createWebApplicationContext(ContextLoader.java:282)
	at org.springframework.web.context.ContextLoader.initWebApplicationContext(ContextLoader.java:204)
	at org.springframework.web.context.ContextLoaderListener.contextInitialized(ContextLoaderListener.java:47)
	at org.apache.catalina.core.StandardContext.listenerStart(StandardContext.java:3764)
	at org.apache.catalina.core.StandardContext.start(StandardContext.java:4216)
	at org.apache.catalina.core.ContainerBase.addChildInternal(ContainerBase.java:760)
	at org.apache.catalina.core.ContainerBase.addChild(ContainerBase.java:740)
	at org.apache.catalina.core.StandardHost.addChild(StandardHost.java:544)
	at org.springframework.osgi.web.deployer.tomcat.TomcatWarDeployer.startCatalinaContext(TomcatWarDeployer.java:144)
	at org.springframework.osgi.web.deployer.tomcat.TomcatWarDeployer.startDeployment(TomcatWarDeployer.java:133)
	at org.springframework.osgi.web.deployer.support.AbstractWarDeployer.deploy(AbstractWarDeployer.java:93)
	at org.springframework.osgi.web.extender.internal.activator.WarLoaderListener$DeploymentManager$DeployTask.doRun(WarLoaderListener.java:257)
	at org.springframework.osgi.web.extender.internal.activator.WarLoaderListener$DeploymentManager$BaseTask.run(WarLoaderListener.java:222)
	at org.springframework.scheduling.timer.DelegatingTimerTask.run(DelegatingTimerTask.java:70)
	at java.util.TimerThread.mainLoop(Unknown Source)
	at java.util.TimerThread.run(Unknown Source)
Caused by: java.lang.IllegalArgumentException: interface org.springframework.aop.SpringProxy is not visible from class loader
	at java.lang.reflect.Proxy.getProxyClass0(Unknown Source)
	at java.lang.reflect.Proxy.newProxyInstance(Unknown Source)
	at org.springframework.aop.framework.JdkDynamicAopProxy.getProxy(JdkDynamicAopProxy.java:117)
	at org.springframework.aop.framework.ProxyFactory.getProxy(ProxyFactory.java:112)
	at org.springframework.remoting.support.RemoteExporter.getProxyForService(RemoteExporter.java:170)
	at org.springframework.remoting.caucho.HessianExporter.prepare(HessianExporter.java:106)
	at org.springframework.remoting.caucho.HessianExporter.afterPropertiesSet(HessianExporter.java:97)
	at org.springframework.beans.factory.support.AbstractAutowireCapableBeanFactory.invokeInitMethods(AbstractAutowireCapableBeanFactory.java:1477)
	at org.springframework.beans.factory.support.AbstractAutowireCapableBeanFactory.initializeBean(AbstractAutowireCapableBeanFactory.java:1417)
	... 31 more
306381 [Timer-0] ERROR org.apache.catalina.core.StandardContext  - Error listenerStart
start306381 [Timer-0] ERROR org.apache.catalina.core.StandardContext  - Context [/springdm-web-sample] startup failed due to previous errors
start306382 [Timer-0] INFO  org.apache.catalina.core.ContainerBase.[Catalina].[localhost].[/springdm-web-sample]  - Closing Spring root WebApplicationContext
log306387 [Timer-0] INFO  org.springframework.osgi.web.deployer.tomcat.TomcatWarDeployer  - Successfully deployed bundle [springdm-web-sample (com.manning.sdmia.springdm-web-sample)] at [/springdm-web-sample] on server org.apache.catalina.core.StandardService/1.0
deploy1052851 [OSGi Console] INFO  org.springframework.osgi.web.extender.internal.activator.WarLoaderListener  - springdm-web-sample (com.manning.sdmia.springdm-web-sample) is a WAR, scheduling war undeployment with context path [/springdm-web-sample]
maybeUndeployWar1052852 [Timer-0] INFO  org.springframework.osgi.web.deployer.tomcat.TomcatWarDeployer  - About to undeploy context [/springdm-web-sample] from server org.apache.catalina.core.StandardService/1.0
stopCatalinaContext1052852 [Timer-0] INFO  org.springframework.osgi.web.deployer.tomcat.TomcatWarDeployer  - Context [/springdm-web-sample] undeployed successfully from server org.apache.catalina.core.StandardService/1.0
stopCatalinaContext1070089 [OSGi Console] INFO  org.springframework.osgi.web.extender.internal.activator.WarLoaderListener  - springdm-web-sample (com.manning.sdmia.springdm-web-sample) is a WAR, scheduling war deployment on context path [/springdm-web-sample] (web.xml found at [bundleentry://35.fwk7971648/WEB-INF/web.xml])
maybeDeployWar1070187 [Timer-0] INFO  org.apache.catalina.core.ContainerBase.[Catalina].[localhost].[/springdm-web-sample]  - Initializing Spring root WebApplicationContext
log1070187 [Timer-0] INFO  org.springframework.web.context.ContextLoader  - Root WebApplicationContext: initialization started
initWebApplicationContext1070188 [Timer-0] INFO  org.springframework.osgi.web.context.support.OsgiBundleXmlWebApplicationContext  - Refreshing OsgiBundleXmlWebApplicationContext(bundle=com.manning.sdmia.springdm-web-sample, config=/WEB-INF/applicationContext.xml): startup date [Thu Jun 06 16:14:03 MSK 2013]; root of context hierarchy
prepareRefresh1070188 [Timer-0] INFO  org.springframework.osgi.web.context.support.OsgiBundleXmlWebApplicationContext  - Application Context service already unpublished
unpublishContextAsOsgiService1070189 [Timer-0] INFO  org.springframework.beans.factory.xml.XmlBeanDefinitionReader  - Loading XML bean definitions from URL [bundleentry://35.fwk7971648/WEB-INF/applicationContext.xml]
loadBeanDefinitions1070223 [Timer-0] INFO  org.springframework.beans.factory.support.DefaultListableBeanFactory  - Pre-instantiating singletons in org.springframework.beans.factory.support.DefaultListableBeanFactory@1163238: defining beans [simpleFacade,/SimpleFacade.hessian]; root of factory hierarchy
preInstantiateSingletons1070272 [Timer-0] INFO  org.springframework.osgi.web.context.support.OsgiBundleXmlWebApplicationContext  - Publishing application context as OSGi service with properties {org.springframework.context.service.name=com.manning.sdmia.springdm-web-sample, Bundle-SymbolicName=com.manning.sdmia.springdm-web-sample, Bundle-Version=1.0.0}
publishContextAsOsgiServiceIfNecessary1070274 [Timer-0] INFO  org.springframework.web.context.ContextLoader  - Root WebApplicationContext: initialization completed in 87 ms
initWebApplicationContext1070383 [Timer-0] INFO  org.apache.catalina.core.ContainerBase.[Catalina].[localhost].[/springdm-web-sample]  - Initializing Spring FrameworkServlet 'hessian'
log1070383 [Timer-0] INFO  org.springframework.web.servlet.DispatcherServlet  - FrameworkServlet 'hessian': initialization started
initServletBean1070385 [Timer-0] INFO  org.springframework.osgi.web.context.support.OsgiBundleXmlWebApplicationContext  - Refreshing WebApplicationContext for namespace 'hessian-servlet': startup date [Thu Jun 06 16:14:03 MSK 2013]; parent: OsgiBundleXmlWebApplicationContext(bundle=com.manning.sdmia.springdm-web-sample, config=/WEB-INF/applicationContext.xml)
prepareRefresh1070385 [Timer-0] INFO  org.springframework.osgi.web.context.support.OsgiBundleXmlWebApplicationContext  - Application Context service already unpublished
unpublishContextAsOsgiService1070386 [Timer-0] INFO  org.springframework.beans.factory.xml.XmlBeanDefinitionReader  - Loading XML bean definitions from URL [bundleentry://35.fwk7971648/WEB-INF/applicationContext.xml]
loadBeanDefinitions1070414 [Timer-0] INFO  org.springframework.beans.factory.support.DefaultListableBeanFactory  - Pre-instantiating singletons in org.springframework.beans.factory.support.DefaultListableBeanFactory@16aee36: defining beans [simpleFacade,/SimpleFacade.hessian]; parent: org.springframework.beans.factory.support.DefaultListableBeanFactory@1163238
preInstantiateSingletons1070428 [Timer-0] INFO  org.springframework.web.servlet.handler.BeanNameUrlHandlerMapping  - Mapped URL path [/SimpleFacade.hessian] onto handler '/SimpleFacade.hessian'
registerHandler1070868 [Timer-0] INFO  org.springframework.osgi.web.context.support.OsgiBundleXmlWebApplicationContext  - Publishing application context as OSGi service with properties {org.springframework.context.service.name=com.manning.sdmia.springdm-web-sample, Bundle-SymbolicName=com.manning.sdmia.springdm-web-sample, Bundle-Version=1.0.0, org.springframework.web.context.namespace=hessian-servlet}
publishContextAsOsgiServiceIfNecessary1070956 [Timer-0] INFO  org.springframework.web.servlet.DispatcherServlet  - FrameworkServlet 'hessian': initialization completed in 573 ms
initServletBean1070979 [Timer-0] INFO  org.springframework.osgi.web.deployer.tomcat.TomcatWarDeployer  - Successfully deployed bundle [springdm-web-sample (com.manning.sdmia.springdm-web-sample)] at [/springdm-web-sample] on server org.apache.catalina.core.StandardService/1.0
deploy1104484 [http-8080-Processor4] WARN  org.springframework.web.servlet.PageNotFound  - HessianServiceExporter only supports POST requests
handleHttpRequestMethodNotSupported1274907 [OSGi Console] INFO  org.springframework.osgi.extender.internal.activator.ContextLoaderListener  - Stopping [org.springframework.osgi.extender] bundle v.[2.0.0.M1]
shutdown1274909 [OSGi Console] INFO  org.springframework.osgi.extender.internal.support.ExtenderConfiguration$1  - Cancelling Timer
destroy1274909 [OSGi Console] INFO  org.springframework.osgi.extender.internal.blueprint.activator.BlueprintLoaderListener  - Stopping [org.springframework.osgi.extender] bundle v.[2.0.0.M1]
shutdown1274909 [OSGi Console] INFO  org.springframework.osgi.extender.internal.support.ExtenderConfiguration$1  - Cancelling Timer
destroy1274910 [OSGi Console] INFO  org.springframework.osgi.web.tomcat.internal.Activator  - Unpublished  Apache Tomcat/5.5.23 OSGi service
stop1274911 [OSGi Console] INFO  org.springframework.osgi.web.tomcat.internal.Activator  - Stopping Apache Tomcat/5.5.23 ...
stop1274913 [OSGi Console] INFO  org.apache.coyote.http11.Http11BaseProtocol  - Pausing Coyote HTTP/1.1 on http-8080
pause1275914 [OSGi Console] INFO  org.apache.catalina.core.StandardService  - Stopping service Catalina
stop1275916 [OSGi Console] INFO  org.apache.catalina.core.ContainerBase.[Catalina].[localhost].[/springdm-web-sample]  - Destroying Spring FrameworkServlet 'hessian'
log1275917 [OSGi Console] INFO  org.springframework.osgi.web.context.support.OsgiBundleXmlWebApplicationContext  - Unpublishing application context OSGi service for bundle springdm-web-sample (com.manning.sdmia.springdm-web-sample)
unpublishContextAsOsgiService1275918 [OSGi Console] INFO  org.springframework.osgi.web.context.support.OsgiBundleXmlWebApplicationContext  - Closing WebApplicationContext for namespace 'hessian-servlet': startup date [Thu Jun 06 16:14:03 MSK 2013]; parent: OsgiBundleXmlWebApplicationContext(bundle=com.manning.sdmia.springdm-web-sample, config=/WEB-INF/applicationContext.xml)
doClose1275918 [OSGi Console] INFO  org.springframework.beans.factory.support.DefaultListableBeanFactory  - Destroying singletons in org.springframework.beans.factory.support.DefaultListableBeanFactory@16aee36: defining beans [simpleFacade,/SimpleFacade.hessian]; parent: org.springframework.beans.factory.support.DefaultListableBeanFactory@1163238
destroySingletons1275919 [OSGi Console] INFO  org.apache.catalina.core.ContainerBase.[Catalina].[localhost].[/springdm-web-sample]  - Closing Spring root WebApplicationContext
log1275919 [OSGi Console] INFO  org.springframework.osgi.web.context.support.OsgiBundleXmlWebApplicationContext  - Unpublishing application context OSGi service for bundle springdm-web-sample (com.manning.sdmia.springdm-web-sample)
unpublishContextAsOsgiService1275920 [OSGi Console] INFO  org.springframework.osgi.web.context.support.OsgiBundleXmlWebApplicationContext  - Closing OsgiBundleXmlWebApplicationContext(bundle=com.manning.sdmia.springdm-web-sample, config=/WEB-INF/applicationContext.xml): startup date [Thu Jun 06 16:14:03 MSK 2013]; root of context hierarchy
doClose1275920 [OSGi Console] INFO  org.springframework.beans.factory.support.DefaultListableBeanFactory  - Destroying singletons in org.springframework.beans.factory.support.DefaultListableBeanFactory@1163238: defining beans [simpleFacade,/SimpleFacade.hessian]; root of factory hierarchy
destroySingletons1275921 [OSGi Console] INFO  org.springframework.osgi.web.context.support.OsgiBundleXmlWebApplicationContext  - Application Context service already unpublished
unpublishContextAsOsgiService1275922 [OSGi Console] INFO  org.apache.coyote.http11.Http11BaseProtocol  - Stopping Coyote HTTP/1.1 on http-8080
destroy1275923 [OSGi Console] INFO  org.springframework.osgi.web.tomcat.internal.Activator  - Succesfully stopped Apache Tomcat/5.5.23
stop1275924 [OSGi Console] INFO  org.springframework.scheduling.timer.TimerTaskExecutor  - Cancelling Timer
destroy0    [Start Level Event Dispatcher] INFO  org.springframework.osgi.extender.internal.boot.ChainActivator  - Blueprint API detected; enabling Blueprint Container functionality
<init>17   [Start Level Event Dispatcher] INFO  org.springframework.osgi.extender.internal.activator.ContextLoaderListener  - Starting [org.springframework.osgi.extender] bundle v.[2.0.0.M1]
start140  [Start Level Event Dispatcher] INFO  org.springframework.osgi.extender.internal.activator.ContextLoaderListener  - No custom extender configuration detected; using defaults...
<init>146  [Start Level Event Dispatcher] INFO  org.springframework.osgi.extender.internal.support.ExtenderConfiguration$1  - Initializing Timer
afterPropertiesSet212  [Start Level Event Dispatcher] INFO  org.springframework.osgi.extender.internal.blueprint.event.EventAdminDispatcher  - EventAdmin package not found; no Blueprint lifecycle events will be published
<clinit>216  [Start Level Event Dispatcher] INFO  org.springframework.osgi.extender.internal.blueprint.activator.BlueprintLoaderListener  - Starting [org.springframework.osgi.extender] bundle v.[2.0.0.M1]
start219  [Start Level Event Dispatcher] INFO  org.springframework.osgi.extender.internal.blueprint.activator.BlueprintLoaderListener  - No custom extender configuration detected; using defaults...
<init>220  [Start Level Event Dispatcher] INFO  org.springframework.osgi.extender.internal.support.ExtenderConfiguration$1  - Initializing Timer
afterPropertiesSet347  [Start Level Event Dispatcher] INFO  org.springframework.scheduling.timer.TimerTaskExecutor  - Initializing Timer
afterPropertiesSet348  [Start Level Event Dispatcher] INFO  org.springframework.osgi.web.extender.internal.activator.WarLoaderListener  - Starting [org.springframework.osgi.web.extender] bundle v.[2.0.0.M1]
start353  [WebExtender-Init] INFO  org.springframework.osgi.web.extender.internal.activator.WarListenerConfiguration  - No custom extender configuration detected; using defaults...
<init>372  [WebExtender-Init] INFO  org.springframework.osgi.web.deployer.tomcat.TomcatWarDeployer  - No Catalina Service set; looking for one in the OSGi service registry...
afterPropertiesSet401  [Tomcat Catalina Start Thread] INFO  org.springframework.osgi.web.tomcat.internal.Activator  - Starting Apache Tomcat/5.5.23 ...
run402  [Tomcat Catalina Start Thread] INFO  org.springframework.osgi.web.tomcat.internal.Activator  - Using default XML configuration bundleresource://26.fwk13041996/conf/default-server.xml
createCatalinaServer476  [Tomcat Catalina Start Thread] INFO  org.apache.catalina.startup.ClusterRuleSetFactory  - Unable to find a cluster rule set in the classpath. Will load the default rule set.
getClusterRuleSet477  [Tomcat Catalina Start Thread] INFO  org.apache.catalina.startup.ClusterRuleSetFactory  - Unable to find a cluster rule set in the classpath. Will load the default rule set.
getClusterRuleSet726  [Tomcat Catalina Start Thread] INFO  org.apache.coyote.http11.Http11BaseProtocol  - Initializing Coyote HTTP/1.1 on http-8080
init726  [Tomcat Catalina Start Thread] INFO  org.apache.catalina.startup.Catalina  - Initialization processed in 248 ms
load727  [Tomcat Catalina Start Thread] INFO  org.apache.catalina.core.StandardService  - Starting service Catalina
start728  [Tomcat Catalina Start Thread] INFO  org.apache.catalina.core.StandardEngine  - Starting Servlet Engine: Apache Tomcat/5.5.23
start733  [Tomcat Catalina Start Thread] INFO  org.apache.catalina.core.StandardHost  - XML validation disabled
start770  [Tomcat Catalina Start Thread] INFO  org.apache.coyote.http11.Http11BaseProtocol  - Starting Coyote HTTP/1.1 on http-8080
start863  [Tomcat Catalina Start Thread] INFO  org.springframework.osgi.web.tomcat.internal.Activator  - Succesfully started Apache Tomcat/5.5.23 @ Catalina:8080
run869  [Tomcat Catalina Start Thread] INFO  org.springframework.osgi.web.tomcat.internal.Activator  - Published Apache Tomcat/5.5.23 as an OSGi service
run870  [WebExtender-Init] INFO  org.springframework.osgi.web.deployer.tomcat.TomcatWarDeployer  - Found service Catalina
afterPropertiesSet24438 [OSGi Console] INFO  org.springframework.osgi.web.extender.internal.activator.WarLoaderListener  - springdm-web-sample (com.manning.sdmia.springdm-web-sample) is a WAR, scheduling war deployment on context path [/springdm-web-sample] (web.xml found at [bundleentry://36.fwk13041996/WEB-INF/web.xml])
maybeDeployWar24765 [Timer-0] INFO  org.apache.catalina.core.ContainerBase.[Catalina].[localhost].[/springdm-web-sample]  - Initializing Spring root WebApplicationContext
log24766 [Timer-0] INFO  org.springframework.web.context.ContextLoader  - Root WebApplicationContext: initialization started
initWebApplicationContext24793 [Timer-0] INFO  org.springframework.osgi.web.context.support.OsgiBundleXmlWebApplicationContext  - Refreshing OsgiBundleXmlWebApplicationContext(bundle=com.manning.sdmia.springdm-web-sample, config=/WEB-INF/applicationContext.xml): startup date [Thu Jun 06 16:18:02 MSK 2013]; root of context hierarchy
prepareRefresh24794 [Timer-0] INFO  org.springframework.osgi.web.context.support.OsgiBundleXmlWebApplicationContext  - Application Context service already unpublished
unpublishContextAsOsgiService24844 [Timer-0] INFO  org.springframework.beans.factory.xml.XmlBeanDefinitionReader  - Loading XML bean definitions from URL [bundleentry://36.fwk13041996/WEB-INF/applicationContext.xml]
loadBeanDefinitions25071 [Timer-0] INFO  org.springframework.beans.factory.support.DefaultListableBeanFactory  - Pre-instantiating singletons in org.springframework.beans.factory.support.DefaultListableBeanFactory@184d62e: defining beans [simpleFacade,/SimpleFacade.hessian]; root of factory hierarchy
preInstantiateSingletons25159 [Timer-0] INFO  org.springframework.osgi.web.context.support.OsgiBundleXmlWebApplicationContext  - Publishing application context as OSGi service with properties {org.springframework.context.service.name=com.manning.sdmia.springdm-web-sample, Bundle-SymbolicName=com.manning.sdmia.springdm-web-sample, Bundle-Version=1.0.0}
publishContextAsOsgiServiceIfNecessary25162 [Timer-0] INFO  org.springframework.web.context.ContextLoader  - Root WebApplicationContext: initialization completed in 396 ms
initWebApplicationContext25200 [Timer-0] INFO  org.apache.catalina.core.ContainerBase.[Catalina].[localhost].[/springdm-web-sample]  - Initializing Spring FrameworkServlet 'hessian'
log25201 [Timer-0] INFO  org.springframework.web.servlet.DispatcherServlet  - FrameworkServlet 'hessian': initialization started
initServletBean25203 [Timer-0] INFO  org.springframework.osgi.web.context.support.OsgiBundleXmlWebApplicationContext  - Refreshing WebApplicationContext for namespace 'hessian-servlet': startup date [Thu Jun 06 16:18:03 MSK 2013]; parent: OsgiBundleXmlWebApplicationContext(bundle=com.manning.sdmia.springdm-web-sample, config=/WEB-INF/applicationContext.xml)
prepareRefresh25203 [Timer-0] INFO  org.springframework.osgi.web.context.support.OsgiBundleXmlWebApplicationContext  - Application Context service already unpublished
unpublishContextAsOsgiService25204 [Timer-0] INFO  org.springframework.beans.factory.xml.XmlBeanDefinitionReader  - Loading XML bean definitions from URL [bundleentry://36.fwk13041996/WEB-INF/applicationContext.xml]
loadBeanDefinitions25248 [Timer-0] INFO  org.springframework.beans.factory.support.DefaultListableBeanFactory  - Pre-instantiating singletons in org.springframework.beans.factory.support.DefaultListableBeanFactory@14c3c29: defining beans [simpleFacade,/SimpleFacade.hessian]; parent: org.springframework.beans.factory.support.DefaultListableBeanFactory@184d62e
preInstantiateSingletons25260 [Timer-0] INFO  org.springframework.web.servlet.handler.BeanNameUrlHandlerMapping  - Mapped URL path [/SimpleFacade.hessian] onto handler '/SimpleFacade.hessian'
registerHandler25458 [Timer-0] INFO  org.springframework.osgi.web.context.support.OsgiBundleXmlWebApplicationContext  - Publishing application context as OSGi service with properties {org.springframework.context.service.name=com.manning.sdmia.springdm-web-sample, Bundle-SymbolicName=com.manning.sdmia.springdm-web-sample, Bundle-Version=1.0.0, org.springframework.web.context.namespace=hessian-servlet}
publishContextAsOsgiServiceIfNecessary25459 [Timer-0] INFO  org.springframework.web.servlet.DispatcherServlet  - FrameworkServlet 'hessian': initialization completed in 258 ms
initServletBean25488 [Timer-0] INFO  org.springframework.osgi.web.deployer.tomcat.TomcatWarDeployer  - Successfully deployed bundle [springdm-web-sample (com.manning.sdmia.springdm-web-sample)] at [/springdm-web-sample] on server org.apache.catalina.core.StandardService/1.0
deploy28614 [http-8080-Processor4] WARN  org.springframework.web.servlet.PageNotFound  - HessianServiceExporter only supports POST requests
handleHttpRequestMethodNotSupported30210 [http-8080-Processor4] WARN  org.springframework.web.servlet.PageNotFound  - HessianServiceExporter only supports POST requests
handleHttpRequestMethodNotSupported